0 info it worked if it ends with ok
1 verbose cli [ 'C:\\Program Files\\nodejs\\node.exe',
1 verbose cli   'C:\\Program Files\\nodejs\\node_modules\\npm\\bin\\npm-cli.js',
1 verbose cli   'run',
1 verbose cli   'b-sync' ]
2 info using npm@3.10.10
3 info using node@v6.11.4
4 verbose run-script [ 'preb-sync', 'b-sync', 'postb-sync' ]
5 info lifecycle pokearepa@1.0.0~preb-sync: pokearepa@1.0.0
6 silly lifecycle pokearepa@1.0.0~preb-sync: no script for preb-sync, continuing
7 info lifecycle pokearepa@1.0.0~b-sync: pokearepa@1.0.0
8 verbose lifecycle pokearepa@1.0.0~b-sync: unsafe-perm in lifecycle true
9 verbose lifecycle pokearepa@1.0.0~b-sync: PATH: C:\Program Files\nodejs\node_modules\npm\bin\node-gyp-bin;C:\Users\Devis\Desktop\pokearepa\node_modules\.bin;C:\Windows\system32;C:\Windows;C:\Windows\System32\Wbem;C:\Windows\System32\WindowsPowerShell\v1.0\;C:\Program Files\Skype\Phone\;C:\Program Files\nodejs\;C:\Program Files\Git\cmd;C:\Users\Devis\AppData\Roaming\npm
10 verbose lifecycle pokearepa@1.0.0~b-sync: CWD: C:\Users\Devis\Desktop\pokearepa
11 silly lifecycle pokearepa@1.0.0~b-sync: Args: [ '/d /s /c',
11 silly lifecycle   'browser-sync start --server --files "css/*.css" "./*.html" "js/*.js"' ]
12 verbose stack Error: kill ENOSYS
12 verbose stack     at Object.exports._errnoException (util.js:1020:11)
12 verbose stack     at process.kill (internal/process.js:191:18)
12 verbose stack     at process.listener (C:\Program Files\nodejs\node_modules\npm\node_modules\npmlog\node_modules\gauge\node_modules\signal-exit\index.js:86:15)
12 verbose stack     at emitNone (events.js:91:20)
12 verbose stack     at process.emit (events.js:185:7)
12 verbose stack     at processEmit (C:\Program Files\nodejs\node_modules\npm\node_modules\npmlog\node_modules\gauge\node_modules\signal-exit\index.js:146:32)
12 verbose stack     at processEmit (C:\Program Files\nodejs\node_modules\npm\node_modules\npm-registry-client\node_modules\npmlog\node_modules\gauge\node_modules\signal-exit\index.js:146:32)
12 verbose stack     at Signal.wrap.onsignal (internal/process.js:217:44)
13 verbose cwd C:\Users\Devis\Desktop\pokearepa
14 error Windows_NT 6.1.7601
15 error argv "C:\\Program Files\\nodejs\\node.exe" "C:\\Program Files\\nodejs\\node_modules\\npm\\bin\\npm-cli.js" "run" "b-sync"
16 error node v6.11.4
17 error npm  v3.10.10
18 error code ENOSYS
19 error errno ENOSYS
20 error syscall kill
21 error kill ENOSYS
22 error If you need help, you may report this error at:
22 error     <https://github.com/npm/npm/issues>
23 verbose exit [ 1, true ]
